<?xml version="1.0" encoding="UTF-8"?>
<!-- Generated by org.testng.reporters.JUnitReportReporter -->
<testsuite skipped="0" hostname="DELL-PC" name="com.testersconnect.extreports.TestSuiteExtentReports" tests="3" failures="0" timestamp="23 May 2018 10:13:47 GMT" time="0.024" errors="0">
  <testcase name="verifyCreateContact" time="0.016" classname="com.testersconnect.extreports.TestSuiteExtentReports"/>
  <testcase name="verifyDeleteContact" time="0.000" classname="com.testersconnect.extreports.TestSuiteExtentReports"/>
  <testcase name="verifyCreateCompany" time="0.008" classname="com.testersconnect.extreports.TestSuiteExtentReports"/>
</testsuite> <!-- com.testersconnect.extreports.TestSuiteExtentReports -->
